<?xml version="1.0" encoding="UTF-8"?>
<!-- Generated by org.testng.reporters.JUnitReportReporter -->
<testsuite hostname="DESKTOP-EA6A4TT" failures="0" tests="1" name="Home_page.TC010" time="2.728" errors="0" timestamp="2023-11-17T22:09:03 IST" skipped="0">
  <testcase classname="Home_page.TC010" name="Product_are_categorised" time="2.728"/>
</testsuite> <!-- Home_page.TC010 -->
