<?xml version="1.0" encoding="UTF-8"?>
<!-- Generated by org.testng.reporters.JUnitReportReporter -->
<testsuite hostname="DESKTOP-OCC0H5K" failures="0" tests="1" name="product_Details.TC004" time="31.019" errors="0" timestamp="2023-12-05T14:06:52 IST" skipped="0">
  <testcase classname="product_Details.TC004" name="testProductSpecificationDisplayed" time="31.019"/>
</testsuite> <!-- product_Details.TC004 -->
