<?xml version="1.0" encoding="UTF-8"?>
<!-- Generated by org.testng.reporters.JUnitReportReporter -->
<testsuite hostname="DESKTOP-EA6A4TT" failures="0" tests="4" name="Search_Functionality.TC002" time="24.492" errors="0" timestamp="2023-11-18T22:59:18 IST" skipped="0">
  <testcase classname="Search_Functionality.TC002" name="searchAndVerifyResults" time="5.904"/>
  <testcase classname="Search_Functionality.TC002" name="searchAndVerifyResults" time="6.189"/>
  <testcase classname="Search_Functionality.TC002" name="searchAndVerifyResults" time="6.089"/>
  <testcase classname="Search_Functionality.TC002" name="searchAndVerifyResults" time="6.310"/>
</testsuite> <!-- Search_Functionality.TC002 -->
