<?xml version="1.0" encoding="UTF-8"?>
<!-- Generated by org.testng.reporters.JUnitReportReporter -->
<testsuite hostname="DESKTOP-EA6A4TT" failures="0" tests="1" name="Search_Functionality.TC006" time="13.638" errors="0" timestamp="2023-11-18T21:09:12 IST" skipped="0">
  <testcase classname="Search_Functionality.TC006" name="searchWithResultPerPage" time="13.638"/>
</testsuite> <!-- Search_Functionality.TC006 -->
