<?xml version="1.0" encoding="UTF-8"?>
<!-- Generated by org.testng.reporters.JUnitReportReporter -->
<testsuite hostname="DESKTOP-OCC0H5K" failures="0" tests="1" name="Home_page.TC008" time="29.098" errors="0" timestamp="2023-12-03T18:32:59 IST" skipped="0">
  <testcase classname="Home_page.TC008" name="Redirect_to_category" time="29.098"/>
</testsuite> <!-- Home_page.TC008 -->
