<?xml version="1.0" encoding="UTF-8"?>
<!-- Generated by org.testng.reporters.JUnitReportReporter -->
<testsuite hostname="DESKTOP-OCC0H5K" failures="0" tests="1" name="product_Details.TC001" time="36.850" errors="0" timestamp="2023-12-05T14:06:52 IST" skipped="0">
  <testcase classname="product_Details.TC001" name="verify_Image" time="36.850"/>
</testsuite> <!-- product_Details.TC001 -->
