<?xml version="1.0" encoding="UTF-8"?>
<!-- Generated by org.testng.reporters.JUnitReportReporter -->
<testsuite hostname="DESKTOP-OCC0H5K" failures="0" tests="1" name="Home_page.TC001" time="211.843" errors="0" timestamp="2023-12-03T14:27:55 IST" skipped="0">
  <testcase classname="Home_page.TC001" name="login" time="211.843"/>
</testsuite> <!-- Home_page.TC001 -->
