<?xml version="1.0" encoding="UTF-8"?>
<!-- Generated by org.testng.reporters.JUnitReportReporter -->
<testsuite hostname="DESKTOP-EA6A4TT" failures="0" tests="1" name="Search_Functionality.TC003" time="8.604" errors="0" timestamp="2023-11-18T23:19:41 IST" skipped="0">
  <testcase classname="Search_Functionality.TC003" name="searchApplyFilterAndVerifyResults" time="8.604"/>
</testsuite> <!-- Search_Functionality.TC003 -->
