<?xml version="1.0" encoding="UTF-8"?>
<!-- Generated by org.testng.reporters.JUnitReportReporter -->
<testsuite hostname="DESKTOP-OCC0H5K" failures="0" tests="1" name="Home_page.TC007" time="24.877" errors="0" timestamp="2023-12-04T00:48:58 IST" skipped="0">
  <testcase classname="Home_page.TC007" name="Redirect_to_product" time="24.877"/>
</testsuite> <!-- Home_page.TC007 -->
