<?xml version="1.0" encoding="UTF-8"?>
<!-- Generated by org.testng.reporters.JUnitReportReporter -->
<testsuite hostname="DESKTOP-OCC0H5K" failures="0" tests="1" name="Search_Functionality.TC006" time="18.270" errors="0" timestamp="2023-12-03T13:48:12 IST" skipped="0">
  <testcase classname="Search_Functionality.TC006" name="searchWithResultPerPage" time="18.270"/>
</testsuite> <!-- Search_Functionality.TC006 -->
