<?xml version="1.0" encoding="UTF-8"?>
<!-- Generated by org.testng.reporters.JUnitReportReporter -->
<testsuite hostname="DESKTOP-OCC0H5K" failures="0" tests="1" name="product_Details.TC005" time="30.262" errors="0" timestamp="2023-12-05T14:06:52 IST" skipped="0">
  <testcase classname="product_Details.TC005" name="testProductInStockDisplayed" time="30.262"/>
</testsuite> <!-- product_Details.TC005 -->
