<?xml version="1.0" encoding="UTF-8"?>
<!-- Generated by org.testng.reporters.JUnitReportReporter -->
<testsuite hostname="DESKTOP-EA6A4TT" failures="0" tests="1" name="Search_Functionality.TC005" time="7.795" errors="0" timestamp="2023-11-18T21:09:12 IST" skipped="0">
  <testcase classname="Search_Functionality.TC005" name="searchWithSortingOptions" time="7.795"/>
</testsuite> <!-- Search_Functionality.TC005 -->
