<?xml version="1.0" encoding="UTF-8"?>
<!-- Generated by org.testng.reporters.JUnitReportReporter -->
<testsuite hostname="DESKTOP-OCC0H5K" failures="0" tests="1" name="Home_page.TC004" time="18.275" errors="0" timestamp="2023-12-03T16:01:39 IST" skipped="0">
  <testcase classname="Home_page.TC004" name="SearchBox" time="18.275"/>
</testsuite> <!-- Home_page.TC004 -->
