<?xml version="1.0" encoding="UTF-8"?>
<!-- Generated by org.testng.reporters.JUnitReportReporter -->
<testsuite hostname="DESKTOP-EA6A4TT" failures="0" tests="1" name="Home_page.TC007" time="12.757" errors="0" timestamp="2023-11-18T19:34:05 IST" skipped="0">
  <testcase classname="Home_page.TC007" name="Redirect_to_product" time="12.757"/>
</testsuite> <!-- Home_page.TC007 -->
