<?xml version="1.0" encoding="UTF-8"?>
<!-- Generated by org.testng.reporters.JUnitReportReporter -->
<testsuite hostname="DESKTOP-EA6A4TT" failures="0" tests="1" name="Search_Functionality.TC001" time="4.692" errors="0" timestamp="2023-11-18T22:57:51 IST" skipped="0">
  <testcase classname="Search_Functionality.TC001" name="search" time="4.692"/>
</testsuite> <!-- Search_Functionality.TC001 -->
