<?xml version="1.0" encoding="UTF-8"?>
<!-- Generated by org.testng.reporters.JUnitReportReporter -->
<testsuite hostname="DESKTOP-EA6A4TT" failures="0" tests="1" name="Home_page.TC003" time="104.315" errors="0" timestamp="2023-11-18T20:47:29 IST" skipped="0">
  <testcase classname="Home_page.TC003" name="SearchBox" time="104.315"/>
</testsuite> <!-- Home_page.TC003 -->
