<?xml version="1.0" encoding="UTF-8"?>
<!-- Generated by org.testng.reporters.JUnitReportReporter -->
<testsuite hostname="DESKTOP-EA6A4TT" failures="0" tests="1" name="Home_page.TC008" time="6.518" errors="0" timestamp="2023-11-18T19:35:59 IST" skipped="0">
  <testcase classname="Home_page.TC008" name="Redirect_to_category" time="6.518"/>
</testsuite> <!-- Home_page.TC008 -->
