<?xml version="1.0" encoding="UTF-8"?>
<!-- Generated by org.testng.reporters.JUnitReportReporter -->
<testsuite hostname="DESKTOP-OCC0H5K" failures="0" tests="1" name="Search_Functionality.TC004" time="39.318" errors="0" timestamp="2023-12-03T13:48:12 IST" skipped="0">
  <testcase classname="Search_Functionality.TC004" name="searchBasedOnCriteria" time="39.318"/>
</testsuite> <!-- Search_Functionality.TC004 -->
