<?xml version="1.0" encoding="UTF-8"?>
<!-- Generated by org.testng.reporters.JUnitReportReporter -->
<testsuite hostname="DESKTOP-OCC0H5K" failures="0" tests="1" name="Home_page.TC010" time="20.711" errors="0" timestamp="2023-12-03T18:46:30 IST" skipped="0">
  <testcase classname="Home_page.TC010" name="Product_are_categorised" time="20.711"/>
</testsuite> <!-- Home_page.TC010 -->
