<?xml version="1.0" encoding="UTF-8"?>
<!-- Generated by org.testng.reporters.JUnitReportReporter -->
<testsuite hostname="DESKTOP-EA6A4TT" failures="0" tests="4" name="Checkout_Payment_Page.TC001" time="23.151" errors="0" timestamp="2023-11-18T22:54:52 IST" skipped="0">
  <testcase classname="Checkout_Payment_Page.TC001" name="test1" time="5.388"/>
  <testcase classname="Checkout_Payment_Page.TC001" name="test1" time="5.825"/>
  <testcase classname="Checkout_Payment_Page.TC001" name="test1" time="6.049"/>
  <testcase classname="Checkout_Payment_Page.TC001" name="test1" time="5.889"/>
</testsuite> <!-- Checkout_Payment_Page.TC001 -->
