<?xml version="1.0" encoding="UTF-8"?>
<!-- Generated by org.testng.reporters.JUnitReportReporter -->
<testsuite hostname="DESKTOP-OCC0H5K" failures="0" tests="4" name="Search_Functionality.TC002" time="59.598" errors="0" timestamp="2023-12-03T13:48:12 IST" skipped="0">
  <testcase classname="Search_Functionality.TC002" name="searchAndVerifyResults" time="15.910"/>
  <testcase classname="Search_Functionality.TC002" name="searchAndVerifyResults" time="15.839"/>
  <testcase classname="Search_Functionality.TC002" name="searchAndVerifyResults" time="14.415"/>
  <testcase classname="Search_Functionality.TC002" name="searchAndVerifyResults" time="13.434"/>
</testsuite> <!-- Search_Functionality.TC002 -->
