<?xml version="1.0" encoding="UTF-8"?>
<!-- Generated by org.testng.reporters.JUnitReportReporter -->
<testsuite hostname="DESKTOP-EA6A4TT" failures="0" tests="1" name="Home_page.TC004" time="4.703" errors="0" timestamp="2023-11-17T19:14:19 IST" skipped="0">
  <testcase classname="Home_page.TC004" name="SearchBox" time="4.703"/>
</testsuite> <!-- Home_page.TC004 -->
