<?xml version="1.0" encoding="UTF-8"?>
<!-- Generated by org.testng.reporters.JUnitReportReporter -->
<testsuite hostname="DESKTOP-OCC0H5K" failures="0" tests="1" name="Home_page.TC006" time="18.960" errors="0" timestamp="2023-12-03T17:46:51 IST" skipped="0">
  <testcase classname="Home_page.TC006" name="Proper_Allign" time="18.960"/>
</testsuite> <!-- Home_page.TC006 -->
